\BOOKMARK [1][-]{section.1}{\376\377\004\035\004\114\004\116\004\102\004\076\004\075}{}% 1
\BOOKMARK [2][-]{subsection.1.1}{\376\377\004\037\004\076\004\075\004\117\004\102\004\070\004\065\000\040\004\062\004\065\004\072\004\102\004\076\004\100\004\060}{section.1}% 2
\BOOKMARK [2][-]{subsection.1.2}{\376\377\004\036\004\077\004\065\004\100\004\060\004\106\004\070\004\070\000\040\004\075\004\060\004\064\000\040\004\062\004\065\004\072\004\102\004\076\004\100\004\060\004\074\004\070}{section.1}% 3
\BOOKMARK [3][-]{subsubsection.1.2.1}{\376\377\004\041\004\073\004\076\004\066\004\065\004\075\004\070\004\065\000\040\004\070\000\040\004\062\004\113\004\107\004\070\004\102\004\060\004\075\004\070\004\065}{subsection.1.2}% 4
\BOOKMARK [3][-]{subsubsection.1.2.2}{\376\377\004\041\004\072\004\060\004\073\004\117\004\100\004\075\004\076\004\065\000\040\004\077\004\100\004\076\004\070\004\067\004\062\004\065\004\064\004\065\004\075\004\070\004\065}{subsection.1.2}% 5
\BOOKMARK [3][-]{subsubsection.1.2.3}{\376\377\004\022\004\065\004\072\004\102\004\076\004\100\004\075\004\076\004\065\000\040\004\077\004\100\004\076\004\070\004\067\004\062\004\065\004\064\004\065\004\075\004\070\004\065\000\040\004\062\004\065\004\072\004\102\004\076\004\100\004\076\004\062}{subsection.1.2}% 6
\BOOKMARK [2][-]{subsection.1.3}{\376\377\004\032\004\070\004\075\004\065\004\074\004\060\004\102\004\070\004\072\004\060\000\040\004\074\004\060\004\102\004\065\004\100\004\070\004\060\004\073\004\114\004\075\004\076\004\071\000\040\004\102\004\076\004\107\004\072\004\070}{section.1}% 7
\BOOKMARK [2][-]{subsection.1.4}{\376\377\004\027\004\060\004\072\004\076\004\075\004\113\000\040\004\035\004\114\004\116\004\102\004\076\004\075\004\060}{section.1}% 8
\BOOKMARK [3][-]{subsubsection.1.4.1}{\376\377\004\037\004\065\004\100\004\062\004\113\004\071\000\040\004\067\004\060\004\072\004\076\004\075}{subsection.1.4}% 9
\BOOKMARK [3][-]{subsubsection.1.4.2}{\376\377\004\022\004\102\004\076\004\100\004\076\004\071\000\040\004\067\004\060\004\072\004\076\004\075}{subsection.1.4}% 10
\BOOKMARK [3][-]{subsubsection.1.4.3}{\376\377\004\042\004\100\004\065\004\102\004\070\004\071\000\040\004\067\004\060\004\072\004\076\004\075}{subsection.1.4}% 11
\BOOKMARK [2][-]{subsection.1.5}{\376\377\004\032\004\076\004\101\004\074\004\070\004\107\004\065\004\101\004\072\004\070\004\065\000\040\004\101\004\072\004\076\004\100\004\076\004\101\004\102\004\070}{section.1}% 12
\BOOKMARK [3][-]{subsubsection.1.5.1}{\376\377\004\037\004\065\004\100\004\062\004\060\004\117\000\040\004\072\004\076\004\101\004\074\004\070\004\107\004\065\004\101\004\072\004\060\004\117\000\040\004\101\004\072\004\076\004\100\004\076\004\101\004\102\004\114}{subsection.1.5}% 13
\BOOKMARK [3][-]{subsubsection.1.5.2}{\376\377\004\022\004\102\004\076\004\100\004\060\004\117\000\040\004\072\004\076\004\101\004\074\004\070\004\107\004\065\004\101\004\072\004\060\004\117\000\040\004\101\004\072\004\076\004\100\004\076\004\101\004\102\004\114}{subsection.1.5}% 14
\BOOKMARK [1][-]{section.2}{\376\377\004\030\004\074\004\077\004\103\004\073\004\114\004\101}{}% 15
\BOOKMARK [2][-]{subsection.2.1}{\376\377\004\036\004\077\004\100\004\065\004\064\004\065\004\073\004\065\004\075\004\070\004\065\000\040\004\070\004\074\004\077\004\103\004\073\004\114\004\101\004\060}{section.2}% 16
\BOOKMARK [2][-]{subsection.2.2}{\376\377\004\046\004\065\004\075\004\102\004\100\000\040\004\074\004\060\004\101\004\101\000\040\004\101\004\070\004\101\004\102\004\065\004\074\004\113}{section.2}% 17
\BOOKMARK [2][-]{subsection.2.3}{\376\377\004\027\004\060\004\072\004\076\004\075\000\040\004\101\004\076\004\105\004\100\004\060\004\075\004\065\004\075\004\070\004\117\000\040\004\070\004\074\004\077\004\103\004\073\004\114\004\101\004\060}{section.2}% 18
\BOOKMARK [2][-]{subsection.2.4}{\376\377\004\043\004\100\004\060\004\062\004\075\004\065\004\075\004\070\004\065\000\040\004\034\004\065\004\111\004\065\004\100\004\101\004\072\004\076\004\063\004\076}{section.2}% 19
\BOOKMARK [3][-]{subsubsection.2.4.1}{\376\377\004\044\004\076\004\100\004\074\004\103\004\073\004\070\004\100\004\076\004\062\004\072\004\060}{subsection.2.4}% 20
\BOOKMARK [3][-]{subsubsection.2.4.2}{\376\377\004\022\004\113\004\062\004\076\004\064}{subsection.2.4}% 21
\BOOKMARK [3][-]{subsubsection.2.4.3}{\376\377\004\032\004\060\004\102\004\065\004\100\000\040\004\101\000\040\004\077\004\060\004\101\004\101\004\070\004\062\004\075\004\113\004\074\000\040\004\100\004\076\004\102\004\076\004\100\004\076\004\074}{subsection.2.4}% 22
\BOOKMARK [1][-]{section.3}{\376\377\004\042\004\100\004\065\004\075\004\070\004\065}{}% 23
\BOOKMARK [2][-]{subsection.3.1}{\376\377\004\037\004\076\004\062\004\065\004\100\004\105\004\075\004\076\004\101\004\102\004\075\004\076\004\065\000\040\004\102\004\100\004\065\004\075\004\070\004\065}{section.3}% 24
\BOOKMARK [3][-]{subsubsection.3.1.1}{\376\377\004\044\004\076\004\100\004\074\004\103\004\073\004\070\004\100\004\076\004\062\004\072\004\070}{subsection.3.1}% 25
\BOOKMARK [3][-]{subsubsection.3.1.2}{\376\377\004\037\004\065\004\100\004\065\004\105\004\076\004\064\000\040\004\102\004\065\004\073\004\060\000\040\004\062\000\040\004\064\004\062\004\070\004\066\004\065\004\075\004\070\004\065}{subsection.3.1}% 26
\BOOKMARK [3][-]{subsubsection.3.1.3}{\376\377\004\041\004\070\004\073\004\060\000\040\004\102\004\100\004\065\004\075\004\070\004\117\000\040\004\072\004\060\004\107\004\065\004\075\004\070\004\117}{subsection.3.1}% 27
\BOOKMARK [2][-]{subsection.3.2}{\376\377\004\041\004\076\004\077\004\100\004\076\004\102\004\070\004\062\004\073\004\065\004\075\004\070\004\065\000\040\004\062\000\040\004\066\004\070\004\064\004\072\004\076\004\101\004\102\004\117\004\105\000\040\004\070\000\040\004\063\004\060\004\067\004\060\004\105}{section.3}% 28
\BOOKMARK [3][-]{subsubsection.3.2.1}{\376\377\004\022\004\117\004\067\004\072\004\076\004\101\004\102\004\075\004\076\004\065\000\040\004\102\004\100\004\065\004\075\004\070\004\065}{subsection.3.2}% 29
\BOOKMARK [3][-]{subsubsection.3.2.2}{\376\377\004\041\004\076\004\077\004\100\004\076\004\102\004\070\004\062\004\073\004\065\004\075\004\070\004\065\000\040\004\101\004\100\004\065\004\064\004\113}{subsection.3.2}% 30
\BOOKMARK [1][-]{section.4}{\376\377\004\034\004\076\004\074\004\065\004\075\004\102\000\040\004\101\004\070\004\073\004\113}{}% 31
\BOOKMARK [2][-]{subsection.4.1}{\376\377\004\034\004\076\004\074\004\065\004\075\004\102\000\040\004\101\004\070\004\073\004\113}{section.4}% 32
\BOOKMARK [3][-]{subsubsection.4.1.1}{\376\377\004\036\004\077\004\100\004\065\004\064\004\065\004\073\004\065\004\075\004\070\004\065}{subsection.4.1}% 33
\BOOKMARK [3][-]{subsubsection.4.1.2}{\376\377\004\020\004\064\004\064\004\070\004\102\004\070\004\062\004\075\004\076\004\101\004\102\004\114\000\040\004\074\004\076\004\074\004\065\004\075\004\102\004\076\004\062}{subsection.4.1}% 34
\BOOKMARK [3][-]{subsubsection.4.1.3}{\376\377\004\034\004\076\004\074\004\065\004\075\004\102\000\040\004\077\004\060\004\100\004\113\000\040\004\101\004\070\004\073}{subsection.4.1}% 35
\BOOKMARK [2][-]{subsection.4.2}{\376\377\004\022\004\070\004\064\004\113\000\040\004\100\004\060\004\062\004\075\004\076\004\062\004\065\004\101\004\070\004\117}{section.4}% 36
\BOOKMARK [2][-]{subsection.4.3}{\376\377\004\034\004\076\004\074\004\065\004\075\004\102\000\040\004\070\004\074\004\077\004\103\004\073\004\114\004\101\004\060}{section.4}% 37
\BOOKMARK [3][-]{subsubsection.4.3.1}{\376\377\004\036\004\077\004\100\004\065\004\064\004\065\004\073\004\065\004\075\004\070\004\065}{subsection.4.3}% 38
\BOOKMARK [3][-]{subsubsection.4.3.2}{\376\377\004\036\004\101\004\075\004\076\004\062\004\075\004\076\004\065\000\040\004\103\004\100\004\060\004\062\004\075\004\065\004\075\004\070\004\065\000\040\004\064\004\070\004\075\004\060\004\074\004\070\004\072\004\070}{subsection.4.3}% 39
\BOOKMARK [2][-]{subsection.4.4}{\376\377\004\027\004\060\004\072\004\076\004\075\000\040\004\101\004\076\004\105\004\100\004\060\004\075\004\065\004\075\004\070\004\117\000\040\004\074\004\076\004\074\004\065\004\075\004\102\004\060\000\040\004\070\004\074\004\077\004\103\004\073\004\114\004\101\004\060}{section.4}% 40
\BOOKMARK [1][-]{section.5}{\376\377\004\034\004\076\004\074\004\065\004\075\004\102\000\040\004\070\004\075\004\065\004\100\004\106\004\070\004\070}{}% 41
\BOOKMARK [2][-]{subsection.5.1}{\376\377\004\024\004\062\004\070\004\066\004\065\004\075\004\070\004\065\000\040\004\077\004\076\000\040\004\076\004\072\004\100\004\103\004\066\004\075\004\076\004\101\004\102\004\070}{section.5}% 42
\BOOKMARK [3][-]{subsubsection.5.1.1}{\376\377\004\043\004\063\004\073\004\076\004\062\004\060\004\117\000\040\004\101\004\072\004\076\004\100\004\076\004\101\004\102\004\114}{subsection.5.1}% 43
\BOOKMARK [3][-]{subsubsection.5.1.2}{\376\377\004\033\004\070\004\075\004\065\004\071\004\075\004\060\004\117\000\040\004\101\004\072\004\076\004\100\004\076\004\101\004\102\004\114}{subsection.5.1}% 44
\BOOKMARK [3][-]{subsubsection.5.1.3}{\376\377\004\027\004\060\004\062\004\070\004\101\004\070\004\074\004\076\004\101\004\102\004\070\000\040\000x\000,\000\040\000v\000x\000,\000\040\000a\000x\000\040\004\076\004\102\000\040}{subsection.5.1}% 45
\BOOKMARK [2][-]{subsection.5.2}{\376\377\004\034\004\076\004\074\004\065\004\075\004\102\000\040\004\070\004\075\004\065\004\100\004\106\004\070\004\070}{section.5}% 46
\BOOKMARK [3][-]{subsubsection.5.2.1}{\376\377\004\036\004\077\004\100\004\065\004\064\004\065\004\073\004\065\004\075\004\070\004\065}{subsection.5.2}% 47
\BOOKMARK [3][-]{subsubsection.5.2.2}{\376\377\004\020\004\061\004\101\004\076\004\073\004\116\004\102\004\075\004\076\000\040\004\102\004\062\004\121\004\100\004\064\004\076\004\065\000\040\004\102\004\065\004\073\004\076}{subsection.5.2}% 48
\BOOKMARK [3][-]{subsubsection.5.2.3}{\376\377\004\042\004\065\004\076\004\100\004\065\004\074\004\060\000\040\004\055\004\071\004\073\004\065\004\100\004\060}{subsection.5.2}% 49
\BOOKMARK [3][-]{subsubsection.5.2.4}{\376\377\004\022\004\113\004\062\004\076\004\064\000\040\004\074\004\076\004\074\004\065\004\075\004\102\004\060\000\040\004\070\004\074\004\077\004\103\004\073\004\114\004\101\004\060}{subsection.5.2}% 50
\BOOKMARK [2][-]{subsection.5.3}{\376\377\004\042\004\065\004\076\004\100\004\065\004\074\004\060\000\040\004\023\004\116\004\071\004\063\004\065\004\075\004\101\004\060\000\040\040\024\000\040\004\050\004\102\004\065\004\071\004\075\004\065\004\100\004\060}{section.5}% 51
\BOOKMARK [1][-]{section.6}{\376\377\004\027\004\060\004\072\004\076\004\075\000\040\004\101\004\076\004\105\004\100\004\060\004\075\004\065\004\075\004\070\004\117\000\040\004\115\004\075\004\065\004\100\004\063\004\070\004\070}{}% 52
\BOOKMARK [2][-]{subsection.6.1}{\376\377\004\040\004\060\004\061\004\076\004\102\004\060\000\040\004\101\004\070\004\073\004\113}{section.6}% 53
\BOOKMARK [3][-]{subsubsection.6.1.1}{\376\377\004\040\004\060\004\061\004\076\004\102\004\060}{subsection.6.1}% 54
\BOOKMARK [3][-]{subsubsection.6.1.2}{\376\377\004\034\004\076\004\111\004\075\004\076\004\101\004\102\004\114}{subsection.6.1}% 55
\BOOKMARK [3][-]{subsubsection.6.1.3}{\376\377\004\042\004\065\004\076\004\100\004\065\004\074\004\060\000\040\004\076\000\040\004\072\004\070\004\075\004\065\004\102\004\070\004\107\004\065\004\101\004\072\004\076\004\071\000\040\004\115\004\075\004\065\004\100\004\063\004\070\004\070}{subsection.6.1}% 56
\BOOKMARK [2][-]{subsection.6.2}{\376\377\004\037\004\076\004\102\004\065\004\075\004\106\004\070\004\060\004\073}{section.6}% 57
\BOOKMARK [3][-]{subsubsection.6.2.1}{\376\377\004\032\004\076\004\075\004\101\004\065\004\100\004\062\004\060\004\102\004\070\004\062\004\075\004\113\004\065\000\040\004\101\004\070\004\073\004\113}{subsection.6.2}% 58
\BOOKMARK [3][-]{subsubsection.6.2.2}{\376\377\004\037\004\076\004\102\004\065\004\075\004\106\004\070\004\060\004\073\004\114\004\075\004\060\004\117\000\040\004\115\004\075\004\065\004\100\004\063\004\070\004\117}{subsection.6.2}% 59
\BOOKMARK [3][-]{subsubsection.6.2.3}{\376\377\004\023\004\100\004\060\004\064\004\070\004\065\004\075\004\102}{subsection.6.2}% 60
\BOOKMARK [2][-]{subsection.6.3}{\376\377\004\027\004\060\004\072\004\076\004\075\000\040\004\101\004\076\004\105\004\100\004\060\004\075\004\065\004\075\004\070\004\117\000\040\004\115\004\075\004\065\004\100\004\063\004\070\004\070}{section.6}% 61
\BOOKMARK [1][-]{section.7}{\376\377\004\032\004\076\004\073\004\065\004\061\004\060\004\075\004\070\004\117}{}% 62
\BOOKMARK [2][-]{subsection.7.1}{\376\377\004\034\004\060\004\073\004\113\004\065\000\040\004\063\004\060\004\100\004\074\004\076\004\075\004\070\004\107\004\065\004\101\004\072\004\070\004\065\000\040\004\072\004\076\004\073\004\065\004\061\004\060\004\075\004\070\004\117}{section.7}% 63
\BOOKMARK [2][-]{subsection.7.2}{\376\377\004\055\004\075\004\065\004\100\004\063\004\070\004\117\000\040\004\074\004\060\004\102\004\065\004\074\004\060\004\102\004\070\004\107\004\065\004\101\004\072\004\076\004\063\004\076\000\040\004\074\004\060\004\117\004\102\004\075\004\070\004\072\004\060}{section.7}% 64
\BOOKMARK [2][-]{subsection.7.3}{\376\377\004\055\004\075\004\065\004\100\004\063\004\070\004\117\000\040\004\104\004\070\004\067\004\070\004\107\004\065\004\101\004\072\004\076\004\063\004\076\000\040\004\074\004\060\004\117\004\102\004\075\004\070\004\072\004\060}{section.7}% 65
\BOOKMARK [2][-]{subsection.7.4}{\376\377\004\045\004\060\004\100\004\060\004\072\004\102\004\065\004\100\004\070\004\101\004\102\004\070\004\072\004\070\000\040\004\062\004\076\004\073\004\075\004\113}{section.7}% 66
\BOOKMARK [2][-]{subsection.7.5}{\376\377\004\055\004\104\004\104\004\065\004\072\004\102\000\040\004\024\004\076\004\077\004\073\004\065\004\100\004\060}{section.7}% 67
\BOOKMARK [3][-]{subsubsection.7.5.1}{\376\377\004\024\004\062\004\070\004\066\004\065\004\075\004\070\004\065\000\040\004\077\004\100\004\070\004\065\004\074\004\075\004\070\004\072\004\060\000\040\004\077\004\100\004\070\000\040\004\075\004\065\004\077\004\076\004\064\004\062\004\070\004\066\004\075\004\076\004\074\000\040\004\070\004\101\004\102\004\076\004\107\004\075\004\070\004\072\004\065}{subsection.7.5}% 68
\BOOKMARK [3][-]{subsubsection.7.5.2}{\376\377\004\024\004\062\004\070\004\066\004\065\004\075\004\070\004\065\000\040\004\070\004\101\004\102\004\076\004\107\004\075\004\070\004\072\004\060\000\040\004\077\004\100\004\070\000\040\004\075\004\065\004\077\004\076\004\064\004\062\004\070\004\066\004\075\004\076\004\074\000\040\004\077\004\100\004\070\004\065\004\074\004\075\004\070\004\072\004\065}{subsection.7.5}% 69
\BOOKMARK [3][-]{subsubsection.7.5.3}{\376\377\004\036\004\061\004\111\004\060\004\117\000\040\004\104\004\076\004\100\004\074\004\103\004\073\004\060}{subsection.7.5}% 70
\BOOKMARK [2][-]{subsection.7.6}{\376\377\004\021\004\070\004\065\004\075\004\070\004\117}{section.7}% 71
\BOOKMARK [1][-]{section.8}{\376\377\004\036\004\077\004\102\004\070\004\072\004\060}{}% 72
\BOOKMARK [2][-]{subsection.8.1}{\376\377\004\037\004\100\004\070\004\075\004\106\004\070\004\077\000\040\004\023\004\116\004\071\004\063\004\065\004\075\004\101\004\060\000\040\040\024\000\040\004\044\004\100\004\065\004\075\004\065\004\073\004\117}{section.8}% 73
\BOOKMARK [2][-]{subsection.8.2}{\376\377\004\041\004\105\004\065\004\074\004\060\000\040\004\056\004\075\004\063\004\060\000\040\004\070\000\040\004\064\004\070\004\104\004\100\004\060\004\072\004\106\004\070\004\076\004\075\004\075\004\060\004\117\000\040\004\100\004\065\004\110\004\065\004\102\004\072\004\060}{section.8}% 74
\BOOKMARK [3][-]{subsubsection.8.2.1}{\376\377\004\041\004\105\004\065\004\074\004\060\000\040\004\056\004\075\004\063\004\060}{subsection.8.2}% 75
\BOOKMARK [3][-]{subsubsection.8.2.2}{\376\377\004\022\004\113\004\062\004\076\004\064\000\040\004\104\004\076\004\100\004\074\004\103\004\073\004\113\000\040\004\074\004\060\004\072\004\101\004\070\004\074\004\103\004\074\004\060}{subsection.8.2}% 76
\BOOKMARK [3][-]{subsubsection.8.2.3}{\376\377\004\024\004\070\004\104\004\100\004\060\004\072\004\106\004\070\004\076\004\075\004\075\004\060\004\117\000\040\004\100\004\065\004\110\004\065\004\102\004\072\004\060}{subsection.8.2}% 77
\BOOKMARK [2][-]{subsection.8.3}{\376\377\004\027\004\060\004\072\004\076\004\075\000\040\004\041\004\075\004\065\004\073\004\073\004\070\004\103\004\101\004\060}{section.8}% 78
\BOOKMARK [3][-]{subsubsection.8.3.1}{\376\377\004\037\004\100\004\065\004\073\004\076\004\074\004\073\004\065\004\075\004\070\004\065}{subsection.8.3}% 79
\BOOKMARK [3][-]{subsubsection.8.3.2}{\376\377\004\022\004\113\004\062\004\076\004\064\000\040\004\107\004\065\004\100\004\065\004\067\000\040\004\077\004\100\004\070\004\075\004\106\004\070\004\077\000\040\004\023\004\116\004\071\004\063\004\065\004\075\004\101\004\060}{subsection.8.3}% 80
\BOOKMARK [3][-]{subsubsection.8.3.3}{\376\377\004\022\004\113\004\062\004\076\004\064\000\040\004\107\004\065\004\100\004\065\004\067\000\040\004\077\004\100\004\070\004\075\004\106\004\070\004\077\000\040\004\044\004\065\004\100\004\074\004\060}{subsection.8.3}% 81
\BOOKMARK [2][-]{subsection.8.4}{\376\377\004\027\004\060\004\072\004\076\004\075\000\040\004\021\004\103\004\063\004\065\004\100\004\060\000\040\040\024\000\040\004\033\004\060\004\074\004\061\004\065\004\100\004\102\004\060}{section.8}% 82
\BOOKMARK [3][-]{subsubsection.8.4.1}{\376\377\004\044\004\076\004\100\004\074\004\103\004\073\004\070\004\100\004\076\004\062\004\072\004\060}{subsection.8.4}% 83
\BOOKMARK [3][-]{subsubsection.8.4.2}{\376\377\004\022\004\113\004\062\004\076\004\064}{subsection.8.4}% 84
\BOOKMARK [2][-]{subsection.8.5}{\376\377\004\040\004\060\004\101\004\101\004\065\004\117\004\075\004\070\004\065\000\040\004\101\004\062\004\065\004\102\004\060}{section.8}% 85
\BOOKMARK [1][-]{section.9}{\376\377\004\055\004\073\004\065\004\072\004\102\004\100\004\070\004\107\004\065\004\101\004\102\004\062\004\076}{}% 86
\BOOKMARK [2][-]{subsection.9.1}{\376\377\004\036\004\101\004\075\004\076\004\062\004\113\000\040\004\115\004\073\004\065\004\072\004\102\004\100\004\076\004\101\004\102\004\060\004\102\004\070\004\072\004\070}{section.9}% 87
\BOOKMARK [3][-]{subsubsection.9.1.1}{\376\377\004\036\004\077\004\113\004\102\000\040\004\034\004\070\004\073\004\073\004\070\004\072\004\065\004\075\004\060}{subsection.9.1}% 88
\BOOKMARK [3][-]{subsubsection.9.1.2}{\376\377\004\027\004\060\004\072\004\076\004\075\000\040\004\032\004\103\004\073\004\076\004\075\004\060}{subsection.9.1}% 89
\BOOKMARK [3][-]{subsubsection.9.1.3}{\376\377\004\055\004\073\004\065\004\072\004\102\004\100\004\070\004\107\004\065\004\101\004\072\004\076\004\065\000\040\004\077\004\076\004\073\004\065}{subsection.9.1}% 90
\BOOKMARK [3][-]{subsubsection.9.1.4}{\376\377\004\037\004\076\004\102\004\065\004\075\004\106\004\070\004\060\004\073}{subsection.9.1}% 91
\BOOKMARK [3][-]{subsubsection.9.1.5}{\376\377\004\041\004\062\004\117\004\067\004\114\000\040\004\077\004\076\004\073\004\117\000\040\004\101\000\040\004\077\004\076\004\102\004\065\004\075\004\106\004\070\004\060\004\073\004\076\004\074}{subsection.9.1}% 92
\BOOKMARK [3][-]{subsubsection.9.1.6}{\376\377\004\037\004\076\004\102\004\076\004\072\000\040\004\062\004\065\004\072\004\102\004\076\004\100\004\060\000\040\004\075\004\060\004\077\004\100\004\117\004\066\004\065\004\075\004\075\004\076\004\101\004\102\004\070}{subsection.9.1}% 93
\BOOKMARK [2][-]{subsection.9.2}{\376\377\004\042\004\065\004\076\004\100\004\065\004\074\004\060\000\040\004\023\004\060\004\103\004\101\004\101\004\060}{section.9}% 94
\BOOKMARK [3][-]{subsubsection.9.2.1}{\376\377\004\044\004\076\004\100\004\074\004\103\004\073\004\070\004\100\004\076\004\062\004\072\004\060}{subsection.9.2}% 95
\BOOKMARK [3][-]{subsubsection.9.2.2}{\376\377\004\044\004\070\004\067\004\070\004\107\004\065\004\101\004\072\004\070\004\071\000\040\004\101\004\074\004\113\004\101\004\073\000\040\004\064\004\070\004\062\004\065\004\100\004\063\004\065\004\075\004\106\004\070\004\070}{subsection.9.2}% 96
\BOOKMARK [2][-]{subsection.9.3}{\376\377\004\055\004\073\004\065\004\072\004\102\004\100\004\070\004\107\004\065\004\101\004\072\004\070\004\071\000\040\004\102\004\076\004\072}{section.9}% 97
\BOOKMARK [3][-]{subsubsection.9.3.1}{\376\377\004\037\004\076\004\101\004\102\004\076\004\117\004\075\004\075\004\113\004\071\000\040\004\070\000\040\004\077\004\065\004\100\004\065\004\074\004\065\004\075\004\075\004\113\004\071\000\040\004\102\004\076\004\072}{subsection.9.3}% 98
\BOOKMARK [3][-]{subsubsection.9.3.2}{\376\377\004\045\004\060\004\100\004\060\004\072\004\102\004\065\004\100\004\070\004\101\004\102\004\070\004\072\004\070\000\040\004\102\004\076\004\072\004\060}{subsection.9.3}% 99
\BOOKMARK [3][-]{subsubsection.9.3.3}{\376\377\004\027\004\060\004\072\004\076\004\075\000\040\004\036\004\074\004\060\000\040\004\062\000\040\004\064\004\070\004\104\004\104\004\065\004\100\004\065\004\075\004\106\004\070\004\060\004\073\004\114\004\075\004\076\004\071\000\040\004\104\004\076\004\100\004\074\004\065}{subsection.9.3}% 100
\BOOKMARK [3][-]{subsubsection.9.3.4}{\376\377\004\027\004\060\004\072\004\076\004\075\000\040\004\036\004\074\004\060\000\040\004\062\000\040\004\070\004\075\004\102\004\065\004\063\004\100\004\060\004\073\004\114\004\075\004\076\004\071\000\040\004\104\004\076\004\100\004\074\004\065}{subsection.9.3}% 101
\BOOKMARK [1][-]{section.10}{\376\377\004\023\004\070\004\064\004\100\004\076\004\064\004\070\004\075\004\060\004\074\004\070\004\072\004\060}{}% 102
\BOOKMARK [2][-]{subsection.10.1}{\376\377\004\037\004\076\004\064\004\105\004\076\004\064\004\113\000\040\004\033\004\060\004\063\004\100\004\060\004\075\004\066\004\060\000\040\004\070\000\040\004\055\004\071\004\073\004\065\004\100\004\060}{section.10}% 103
\BOOKMARK [2][-]{subsection.10.2}{\376\377\004\043\004\100\004\060\004\062\004\075\004\065\004\075\004\070\004\065\000\040\004\075\004\065\004\100\004\060\004\067\004\100\004\113\004\062\004\075\004\076\004\101\004\102\004\070}{section.10}% 104
\BOOKMARK [3][-]{subsubsection.10.2.1}{\376\377\004\036\004\061\004\111\004\070\004\071\000\040\004\101\004\073\004\103\004\107\004\060\004\071}{subsection.10.2}% 105
\BOOKMARK [3][-]{subsubsection.10.2.2}{\376\377\004\024\004\073\004\117\000\040\004\075\004\065\004\101\004\066\004\070\004\074\004\060\004\065\004\074\004\076\004\071\000\040\004\066\004\070\004\064\004\072\004\076\004\101\004\102\004\070}{subsection.10.2}% 106
\BOOKMARK [3][-]{subsubsection.10.2.3}{\376\377\004\024\004\073\004\117\000\040\004\102\004\100\004\103\004\061\004\072\004\070\000\040\004\102\004\076\004\072\004\060}{subsection.10.2}% 107
\BOOKMARK [2][-]{subsection.10.3}{\376\377\004\037\004\076\004\073\004\065\000\040\004\062\004\065\004\072\004\102\004\076\004\100\004\060\000\040\004\101\004\072\004\076\004\100\004\076\004\101\004\102\004\065\004\071\000\040\004\070\000\040\004\077\004\073\004\076\004\102\004\075\004\076\004\101\004\102\004\114\000\040\004\077\004\076\004\102\004\076\004\072\004\060}{section.10}% 108
\BOOKMARK [2][-]{subsection.10.4}{\376\377\004\043\004\100\004\060\004\062\004\075\004\065\004\075\004\070\004\065\000\040\004\021\004\065\004\100\004\075\004\103\004\073\004\073\004\070}{section.10}% 109
\BOOKMARK [3][-]{subsubsection.10.4.1}{\376\377\004\044\004\076\004\100\004\074\004\103\004\073\004\070\004\100\004\076\004\062\004\072\004\060}{subsection.10.4}% 110
\BOOKMARK [3][-]{subsubsection.10.4.2}{\376\377\004\022\004\113\004\062\004\076\004\064}{subsection.10.4}% 111
\BOOKMARK [2][-]{subsection.10.5}{\376\377\004\055\004\104\004\104\004\065\004\072\004\102\000\040\004\022\004\065\004\075\004\102\004\103\004\100\004\070\000\040}{section.10}% 112
\BOOKMARK [3][-]{subsubsection.10.5.1}{\376\377\004\044\004\076\004\100\004\074\004\103\004\073\004\070\004\100\004\076\004\062\004\072\004\060}{subsection.10.5}% 113
\BOOKMARK [3][-]{subsubsection.10.5.2}{\376\377\004\040\004\060\004\101\004\105\004\076\004\064\000\040\004\066\004\070\004\064\004\072\004\076\004\101\004\102\004\070}{subsection.10.5}% 114
\BOOKMARK [1][-]{section.11}{\376\377\004\042\004\065\004\100\004\074\004\076\004\064\004\070\004\075\004\060\004\074\004\070\004\072\004\060}{}% 115
\BOOKMARK [2][-]{subsection.11.1}{\376\377\004\042\004\065\004\074\004\077\004\065\004\100\004\060\004\102\004\103\004\100\004\060}{section.11}% 116
\BOOKMARK [2][-]{subsection.11.2}{\376\377\004\040\004\060\004\101\004\077\004\100\004\065\004\064\004\065\004\073\004\065\004\075\004\070\004\065\000\040\004\034\004\060\004\072\004\101\004\062\004\065\004\073\004\073\004\060}{section.11}% 117
\BOOKMARK [2][-]{subsection.11.3}{\376\377\004\042\004\065\004\077\004\073\004\076\004\076\004\061\004\074\004\065\004\075}{section.11}% 118
\BOOKMARK [2][-]{subsection.11.4}{\376\377\004\030\004\064\004\065\004\060\004\073\004\114\004\075\004\113\004\071\000\040\004\063\004\060\004\067}{section.11}% 119
\BOOKMARK [3][-]{subsubsection.11.4.1}{\376\377\004\036\004\077\004\100\004\065\004\064\004\065\004\073\004\065\004\075\004\070\004\065}{subsection.11.4}% 120
\BOOKMARK [3][-]{subsubsection.11.4.2}{\376\377\004\043\004\100\004\060\004\062\004\075\004\065\004\075\004\070\004\117}{subsection.11.4}% 121
\BOOKMARK [3][-]{subsubsection.11.4.3}{\376\377\004\027\004\060\004\072\004\076\004\075\000\040\004\020\004\062\004\076\004\063\004\060\004\064\004\100\004\076}{subsection.11.4}% 122
